<?xml version="1.0" encoding="UTF-8"?>
<!-- Generated by org.testng.reporters.JUnitReportReporter -->
<testsuite hostname="svinayak-lp" failures="0" tests="4" name="api.test.UserTests" time="3.844" errors="0" timestamp="2024-06-06T10:44:14 IST" skipped="0">
  <testcase classname="api.test.UserTests" name="testCreateUser" time="1.906"/>
  <testcase classname="api.test.UserTests" name="getUserByName" time="0.910"/>
  <testcase classname="api.test.UserTests" name="updateUserByName" time="0.497"/>
  <testcase classname="api.test.UserTests" name="deleteUserByName" time="0.531"/>
</testsuite> <!-- api.test.UserTests -->
