<?xml version="1.0" encoding="UTF-8"?>
<!-- Generated by org.testng.reporters.JUnitReportReporter -->
<testsuite hostname="svinayak-lp" failures="0" tests="4" name="api.test.UserTests" time="3.687" errors="0" timestamp="2024-06-06T10:56:06 IST" skipped="0">
  <testcase classname="api.test.UserTests" name="testCreateUser" time="1.865"/>
  <testcase classname="api.test.UserTests" name="getUserByName" time="0.893"/>
  <testcase classname="api.test.UserTests" name="updateUserByName" time="0.542"/>
  <testcase classname="api.test.UserTests" name="deleteUserByName" time="0.387"/>
</testsuite> <!-- api.test.UserTests -->
